<?xml version="1.0" encoding="UTF-8"?>
<testng-results ignored="0" total="2" passed="2" failed="0" skipped="0">
  <reporter-output>
  </reporter-output>
  <suite started-at="2024-05-20T14:50:21 IST" name="Default suite" finished-at="2024-05-20T14:50:21 IST" duration-ms="87">
    <groups>
    </groups>
    <test started-at="2024-05-20T14:50:21 IST" name="Default test" finished-at="2024-05-20T14:50:21 IST" duration-ms="87">
      <class name="pac1.CreateOrg">
        <test-method signature="createOrg()[pri:0, instance:pac1.CreateOrg@21282ed8]" started-at="2024-05-20T14:50:21 IST" name="createOrg" finished-at="2024-05-20T14:50:21 IST" duration-ms="13" status="PASS">
          <reporter-output>
          </reporter-output>
        </test-method> <!-- createOrg -->
        <test-method signature="createOrgWithPhone()[pri:0, instance:pac1.CreateOrg@21282ed8]" started-at="2024-05-20T14:50:21 IST" name="createOrgWithPhone" finished-at="2024-05-20T14:50:21 IST" duration-ms="2" status="PASS">
          <reporter-output>
          </reporter-output>
        </test-method> <!-- createOrgWithPhone -->
      </class> <!-- pac1.CreateOrg -->
    </test> <!-- Default test -->
  </suite> <!-- Default suite -->
</testng-results>
